<?xml version="1.0" encoding="UTF-8"?>
<!-- Generated by org.testng.reporters.JUnitReportReporter -->
<testsuite skipped="0" hostname="DESKTOP-6D3FG3E" name="com.auto.qa.testcases.AutoHero_MainPageTest" tests="5" failures="0" timestamp="2021-04-10T19:18:58 CEST" time="8.603" errors="0">
  <testcase name="launchURL" time="6.278" classname="com.auto.qa.testcases.AutoHero_MainPageTest"/>
  <system-out/>
  <testcase name="filterForFirstRegistration" time="0.701" classname="com.auto.qa.testcases.AutoHero_MainPageTest"/>
  <system-out/>
  <testcase name="sortCarsByPriceDesc" time="0.787" classname="com.auto.qa.testcases.AutoHero_MainPageTest"/>
  <system-out/>
  <testcase name="verifyCarsFilteredByFirstReg" time="0.676" classname="com.auto.qa.testcases.AutoHero_MainPageTest"/>
  <system-out/>
  <testcase name="verifyCarsSortedByPriceDesc" time="0.161" classname="com.auto.qa.testcases.AutoHero_MainPageTest"/>
  <system-out/>
</testsuite> <!-- com.auto.qa.testcases.AutoHero_MainPageTest -->
