<?xml version="1.0" encoding="UTF-8"?>
<!-- Generated by org.testng.reporters.JUnitReportReporter -->
<testsuite skipped="0" hostname="DESKTOP-6D3FG3E" name="com.auto.qa.pages.AutoHero_MainPage" tests="1" failures="0" timestamp="2021-04-09T15:12:38 CEST" time="6.636" errors="0">
  <testcase name="myMethod" time="6.636" classname="com.auto.qa.pages.AutoHero_MainPage"/>
  <system-out/>
</testsuite> <!-- com.auto.qa.pages.AutoHero_MainPage -->
